<?xml version="1.0" encoding="UTF-8"?>
<!-- Generated by org.testng.reporters.JUnitReportReporter -->
<testsuite hostname="Zilla.local" name="ch.randelshofer.rubik.parser.DefaultNotationNGTest" tests="3" failures="0" timestamp="26 Nov 2016 16:42:36 GMT" time="0.151" errors="0">
  <testcase name="testIsToken" time="0.087" classname="ch.randelshofer.rubik.parser.DefaultNotationNGTest"/>
  <testcase name="testIsToken" time="0.061" classname="ch.randelshofer.rubik.parser.DefaultNotationNGTest"/>
  <testcase name="testIsToken" time="0.003" classname="ch.randelshofer.rubik.parser.DefaultNotationNGTest"/>
</testsuite> <!-- ch.randelshofer.rubik.parser.DefaultNotationNGTest -->
